yarn run v1.22.19
$ build-storybook -s public --output-dir /tmp/chromatic--45867-Ab0yM2GiUwBy
info @storybook/react v6.5.16
info 
info => Cleaning outputDir: /tmp/chromatic--45867-Ab0yM2GiUwBy
(node:45932) DeprecationWarning: --static-dir CLI flag is deprecated, see:

https://github.com/storybookjs/storybook/blob/next/MIGRATION.md#deprecated---static-dir-cli-flag
(Use `node --trace-deprecation ...` to show where the warning was created)
info => Loading presets
info => Copying static files: ./public => ./
info => Compiling manager..
info => Compiling preview..
info Addon-docs: using MDX1
info => Loading Webpack configuration from `node_modules/react-scripts`
info => Removing existing JavaScript and TypeScript rules.
info => Modifying Create React App rules.
info => Using default Webpack5 setup
Browserslist: caniuse-lite is outdated. Please run:
  npx update-browserslist-db@latest
  Why you should do it regularly: https://github.com/browserslist/update-db#readme
<s> [webpack.Progress] 0% 

<s> [webpack.Progress] 1% setup before run
<s> [webpack.Progress] 1% setup before run NodeEnvironmentPlugin
<s> [webpack.Progress] 1% setup before run
<s> [webpack.Progress] 2% setup run
<s> [webpack.Progress] 2% setup run ForkTsCheckerWebpackPlugin
<s> [webpack.Progress] 2% setup run ESLintWebpackPlugin_1
<s> [webpack.Progress] 2% setup run
<s> [webpack.Progress] 4% setup normal module factory
<s> [webpack.Progress] 4% setup normal module factory CaseSensitivePathsPlugin
<s> [webpack.Progress] 4% setup normal module factory ModuleNotFoundPlugin
<s> [webpack.Progress] 4% setup normal module factory IgnorePlugin
<s> [webpack.Progress] 4% setup normal module factory
<s> [webpack.Progress] 5% setup context module factory
<s> [webpack.Progress] 5% setup context module factory IgnorePlugin
<s> [webpack.Progress] 5% setup context module factory
<s> [webpack.Progress] 6% setup before compile
<s> [webpack.Progress] 6% setup before compile ProgressPlugin
<s> [webpack.Progress] 6% setup before compile
<s> [webpack.Progress] 7% setup compile
<s> [webpack.Progress] 7% setup compile ExternalsPlugin
<s> [webpack.Progress] 7% setup compile
<s> [webpack.Progress] 8% setup compilation
<s> [webpack.Progress] 8% setup compilation mini-css-extract-plugin
<s> [webpack.Progress] 8% setup compilation ArrayPushCallbackChunkFormatPlugin
<s> [webpack.Progress] 8% setup compilation JsonpChunkLoadingPlugin
<s> [webpack.Progress] 8% setup compilation StartupChunkDependenciesPlugin
<s> [webpack.Progress] 8% setup compilation ImportScriptsChunkLoadingPlugin
<s> [webpack.Progress] 8% setup compilation FetchCompileWasmPlugin
<s> [webpack.Progress] 8% setup compilation FetchCompileAsyncWasmPlugin
<s> [webpack.Progress] 8% setup compilation WorkerPlugin
<s> [webpack.Progress] 8% setup compilation SplitChunksPlugin
<s> [webpack.Progress] 8% setup compilation RuntimeChunkPlugin
<s> [webpack.Progress] 8% setup compilation ResolverCachePlugin
<s> [webpack.Progress] 8% setup compilation HtmlWebpackPlugin
<s> [webpack.Progress] 8% setup compilation
<s> [webpack.Progress] 9% setup compilation
<s> [webpack.Progress] 9% setup compilation DefinePlugin
<s> [webpack.Progress] 9% setup compilation ProvidePlugin
<s> [webpack.Progress] 9% setup compilation ProgressPlugin
<s> [webpack.Progress] 9% setup compilation InlineChunkHtmlPlugin
<s> [webpack.Progress] 9% setup compilation InterpolateHtmlPlugin
<s> [webpack.Progress] 9% setup compilation mini-css-extract-plugin
<s> [webpack.Progress] 9% setup compilation ForkTsCheckerWebpackPlugin
<s> [webpack.Progress] 9% setup compilation DocGenPlugin
<s> [webpack.Progress] 9% setup compilation ChunkPrefetchPreloadPlugin
<s> [webpack.Progress] 9% setup compilation SourceMapDevToolPlugin
<s> [webpack.Progress] 9% setup compilation JavascriptModulesPlugin
<s> [webpack.Progress] 9% setup compilation JsonModulesPlugin
<s> [webpack.Progress] 9% setup compilation AssetModulesPlugin
<s> [webpack.Progress] 9% setup compilation EntryPlugin
<s> [webpack.Progress] 9% setup compilation EntryPlugin
<s> [webpack.Progress] 9% setup compilation EntryPlugin
<s> [webpack.Progress] 9% setup compilation EntryPlugin
<s> [webpack.Progress] 9% setup compilation EntryPlugin
<s> [webpack.Progress] 9% setup compilation EntryPlugin
<s> [webpack.Progress] 9% setup compilation EntryPlugin
<s> [webpack.Progress] 9% setup compilation EntryPlugin
<s> [webpack.Progress] 9% setup compilation EntryPlugin
<s> [webpack.Progress] 9% setup compilation EntryPlugin
<s> [webpack.Progress] 9% setup compilation EntryPlugin
<s> [webpack.Progress] 9% setup compilation EntryPlugin
<s> [webpack.Progress] 9% setup compilation EntryPlugin
<s> [webpack.Progress] 9% setup compilation EntryPlugin
<s> [webpack.Progress] 9% setup compilation RuntimePlugin
<s> [webpack.Progress] 9% setup compilation InferAsyncModulesPlugin
<s> [webpack.Progress] 9% setup compilation DataUriPlugin
<s> [webpack.Progress] 9% setup compilation FileUriPlugin
<s> [webpack.Progress] 9% setup compilation CompatibilityPlugin
<s> [webpack.Progress] 9% setup compilation HarmonyModulesPlugin
<s> [webpack.Progress] 9% setup compilation AMDPlugin
<s> [webpack.Progress] 9% setup compilation RequireJsStuffPlugin
<s> [webpack.Progress] 9% setup compilation CommonJsPlugin
<s> [webpack.Progress] 9% setup compilation LoaderPlugin
<s> [webpack.Progress] 9% setup compilation LoaderPlugin
<s> [webpack.Progress] 9% setup compilation NodeStuffPlugin
<s> [webpack.Progress] 9% setup compilation APIPlugin
<s> [webpack.Progress] 9% setup compilation ExportsInfoApiPlugin
<s> [webpack.Progress] 9% setup compilation WebpackIsIncludedPlugin
<s> [webpack.Progress] 9% setup compilation ConstPlugin
<s> [webpack.Progress] 9% setup compilation UseStrictPlugin
<s> [webpack.Progress] 9% setup compilation RequireIncludePlugin
<s> [webpack.Progress] 9% setup compilation RequireEnsurePlugin
<s> [webpack.Progress] 9% setup compilation RequireContextPlugin
<s> [webpack.Progress] 9% setup compilation ImportPlugin
<s> [webpack.Progress] 9% setup compilation RequireContextPlugin
<s> [webpack.Progress] 9% setup compilation SystemPlugin
<s> [webpack.Progress] 9% setup compilation ImportMetaPlugin
<s> [webpack.Progress] 9% setup compilation URLPlugin
<s> [webpack.Progress] 9% setup compilation DefaultStatsFactoryPlugin
<s> [webpack.Progress] 9% setup compilation DefaultStatsPresetPlugin
<s> [webpack.Progress] 9% setup compilation DefaultStatsPrinterPlugin
<s> [webpack.Progress] 9% setup compilation JavascriptMetaInfoPlugin
<s> [webpack.Progress] 9% setup compilation EnsureChunkConditionsPlugin
<s> [webpack.Progress] 9% setup compilation RemoveEmptyChunksPlugin
<s> [webpack.Progress] 9% setup compilation MergeDuplicateChunksPlugin
<s> [webpack.Progress] 9% setup compilation FlagIncludedChunksPlugin
<s> [webpack.Progress] 9% setup compilation SideEffectsFlagPlugin
<s> [webpack.Progress] 9% setup compilation FlagDependencyExportsPlugin
<s> [webpack.Progress] 9% setup compilation FlagDependencyUsagePlugin
<s> [webpack.Progress] 9% setup compilation InnerGraphPlugin
<s> [webpack.Progress] 9% setup compilation MangleExportsPlugin
<s> [webpack.Progress] 9% setup compilation ModuleConcatenationPlugin
<s> [webpack.Progress] 9% setup compilation NoEmitOnErrorsPlugin
<s> [webpack.Progress] 9% setup compilation RealContentHashPlugin
<s> [webpack.Progress] 9% setup compilation WasmFinalizeExportsPlugin
<s> [webpack.Progress] 9% setup compilation NamedModuleIdsPlugin
<s> [webpack.Progress] 9% setup compilation DeterministicChunkIdsPlugin
<s> [webpack.Progress] 9% setup compilation DefinePlugin
<s> [webpack.Progress] 9% setup compilation TerserPlugin
<s> [webpack.Progress] 9% setup compilation TemplatedPathPlugin
<s> [webpack.Progress] 9% setup compilation RecordIdsPlugin
<s> [webpack.Progress] 9% setup compilation WarnCaseSensitiveModulesPlugin
<s> [webpack.Progress] 9% setup compilation IgnoreWarningsPlugin
<s> [webpack.Progress] 9% setup compilation ESLintWebpackPlugin_1
<s> [webpack.Progress] 9% setup compilation
<s> [webpack.Progress] 10% building
<s> [webpack.Progress] 10% building 0/1 entries 0/0 dependencies 0/0 modules
<s> [webpack.Progress] 10% building import loader ./node_modules/babel-loader/lib/index.js
<s> [webpack.Progress] 10% building import loader ./node_modules/source-map-loader/dist/cjs.js
<s> [webpack.Progress] 10% building 0/14 entries 13/33 dependencies 0/12 modules
<s> [webpack.Progress] 10% building 0/14 entries 18/48 dependencies 1/16 modules
<s> [webpack.Progress] 10% building import loader ./node_modules/@storybook/source-loader/dist/cjs/index.js
<s> [webpack.Progress] 10% building 0/14 entries 44/69 dependencies 1/41 modules
<s> [webpack.Progress] 10% building 0/14 entries 47/70 dependencies 1/43 modules
<s> [webpack.Progress] 10% building 0/14 entries 51/70 dependencies 1/48 modules
<s> [webpack.Progress] 10% building 0/14 entries 122/200 dependencies 5/103 modules
<s> [webpack.Progress] 10% building 0/14 entries 150/300 dependencies 7/110 modules
<s> [webpack.Progress] 10% building 0/14 entries 200/399 dependencies 9/136 modules
<s> [webpack.Progress] 10% building 0/14 entries 369/545 dependencies 10/203 modules
<s> [webpack.Progress] 12% building 1/14 entries 456/11315 dependencies 21/236 modules
<s> [webpack.Progress] 13% building 1/14 entries 643/11317 dependencies 25/300 modules
<s> [webpack.Progress] 13% building 1/14 entries 755/11317 dependencies 25/400 modules
<s> [webpack.Progress] 13% building 1/14 entries 900/11317 dependencies 25/542 modules
<s> [webpack.Progress] 13% building 1/14 entries 957/11317 dependencies 25/600 modules
<s> [webpack.Progress] 13% building 1/14 entries 1357/11317 dependencies 25/1000 modules
<s> [webpack.Progress] 13% building 1/14 entries 1700/11317 dependencies 25/1342 modules
<s> [webpack.Progress] 13% building 1/14 entries 2157/11317 dependencies 25/1800 modules
<s> [webpack.Progress] 13% building 1/14 entries 2757/11317 dependencies 25/2400 modules
<s> [webpack.Progress] 13% building 1/14 entries 3800/11317 dependencies 25/3442 modules
<s> [webpack.Progress] 13% building 1/14 entries 3857/11317 dependencies 25/3500 modules
<s> [webpack.Progress] 13% building 1/14 entries 4400/11317 dependencies 25/4042 modules
<s> [webpack.Progress] 13% building 1/14 entries 4857/11317 dependencies 25/4500 modules
<s> [webpack.Progress] 13% building 1/14 entries 5257/11317 dependencies 25/4900 modules
<s> [webpack.Progress] 13% building 1/14 entries 5700/11317 dependencies 25/5342 modules
<s> [webpack.Progress] 13% building 1/14 entries 6157/11317 dependencies 25/5800 modules
<s> [webpack.Progress] 13% building 1/14 entries 6600/11317 dependencies 25/6242 modules
<s> [webpack.Progress] 13% building 1/14 entries 7157/11317 dependencies 25/6800 modules
<s> [webpack.Progress] 13% building 1/14 entries 7800/11317 dependencies 25/7442 modules
<s> [webpack.Progress] 13% building 1/14 entries 8400/11317 dependencies 25/8042 modules
<s> [webpack.Progress] 13% building 1/14 entries 8957/11317 dependencies 25/8600 modules
<s> [webpack.Progress] 13% building 1/14 entries 9457/11317 dependencies 25/9100 modules
<s> [webpack.Progress] 13% building 1/14 entries 10057/11317 dependencies 25/9700 modules
<s> [webpack.Progress] 13% building 1/14 entries 10457/11317 dependencies 25/10100 modules
<s> [webpack.Progress] 13% building 1/14 entries 11157/11317 dependencies 25/10800 modules
<s> [webpack.Progress] 13% building 1/14 entries 11278/11346 dependencies 29/10888 modules
<s> [webpack.Progress] 13% building import loader ./node_modules/mini-css-extract-plugin/dist/loader.js
<s> [webpack.Progress] 13% building import loader ./node_modules/react-scripts/node_modules/css-loader/dist/cjs.js
<s> [webpack.Progress] 13% building import loader ./node_modules/postcss-loader/dist/cjs.js
<s> [webpack.Progress] 13% building import loader ./node_modules/resolve-url-loader/index.js
<s> [webpack.Progress] 13% building import loader ./node_modules/sass-loader/dist/cjs.js
<s> [webpack.Progress] 13% building 1/14 entries 11617/11675 dependencies 54/10969 modules
<s> [webpack.Progress] 13% building 1/14 entries 12045/12100 dependencies 72/11046 modules
<s> [webpack.Progress] 13% building 1/14 entries 12400/12496 dependencies 95/11069 modules
<s> [webpack.Progress] 13% building 1/14 entries 12870/12900 dependencies 95/11106 modules
<s> [webpack.Progress] 13% building 1/14 entries 13400/13407 dependencies 95/11110 modules
<s> [webpack.Progress] 13% building 1/14 entries 13853/13900 dependencies 95/11111 modules
<s> [webpack.Progress] 13% building 1/14 entries 14314/14400 dependencies 95/11111 modules
<s> [webpack.Progress] 13% building 1/14 entries 14800/14869 dependencies 95/11111 modules
<s> [webpack.Progress] 13% building 1/14 entries 15300/15349 dependencies 95/11111 modules
<s> [webpack.Progress] 13% building 1/14 entries 15800/15869 dependencies 95/11111 modules
<s> [webpack.Progress] 13% building 1/14 entries 16400/16469 dependencies 95/11111 modules
<s> [webpack.Progress] 13% building 1/14 entries 16914/17000 dependencies 95/11111 modules
<s> [webpack.Progress] 13% building 1/14 entries 17497/17600 dependencies 95/11111 modules
<s> [webpack.Progress] 13% building 1/14 entries 18079/18100 dependencies 95/11111 modules
<s> [webpack.Progress] 13% building 1/14 entries 18567/18600 dependencies 95/11111 modules
<s> [webpack.Progress] 13% building 1/14 entries 19200/19280 dependencies 95/11111 modules
<s> [webpack.Progress] 13% building 1/14 entries 20000/20080 dependencies 95/11111 modules
<s> [webpack.Progress] 13% building 1/14 entries 20800/20872 dependencies 95/11111 modules
<s> [webpack.Progress] 13% building 1/14 entries 21482/21500 dependencies 95/11111 modules
<s> [webpack.Progress] 13% building 1/14 entries 22283/22300 dependencies 95/11111 modules
<s> [webpack.Progress] 13% building 1/14 entries 22900/23076 dependencies 95/11111 modules
<s> [webpack.Progress] 13% building 1/14 entries 23885/23900 dependencies 95/11111 modules
<s> [webpack.Progress] 13% building 1/14 entries 24300/24325 dependencies 95/11111 modules
<s> [webpack.Progress] 13% building 1/14 entries 24925/25000 dependencies 95/11111 modules
info => Manager built (37 s)
<s> [webpack.Progress] 13% building 1/14 entries 25800/25907 dependencies 95/11111 modules
<s> [webpack.Progress] 13% building 1/14 entries 25999/26100 dependencies 95/11111 modules
<s> [webpack.Progress] 13% building 1/14 entries 27142/27200 dependencies 95/11111 modules
<s> [webpack.Progress] 13% building 1/14 entries 28400/28412 dependencies 95/11111 modules
<s> [webpack.Progress] 13% building 1/14 entries 29596/29600 dependencies 95/11111 modules
<s> [webpack.Progress] 13% building 1/14 entries 30794/30800 dependencies 95/11111 modules
<s> [webpack.Progress] 13% building 1/14 entries 32005/32100 dependencies 95/11111 modules
<s> [webpack.Progress] 13% building 1/14 entries 33217/33300 dependencies 95/11111 modules
<s> [webpack.Progress] 13% building import loader ./node_modules/@svgr/webpack/lib/index.js
<s> [webpack.Progress] 13% building import loader ./node_modules/file-loader/dist/cjs.js
<s> [webpack.Progress] 13% building 1/14 entries 33602/33602 dependencies 115/11111 modules
<s> [webpack.Progress] 13% building 1/14 entries 34126/34200 dependencies 228/11137 modules
<s> [webpack.Progress] 13% building 1/14 entries 34400/34513 dependencies 298/11181 modules
<s> [webpack.Progress] 13% building 1/14 entries 34585/35000 dependencies 375/11206 modules
<s> [webpack.Progress] 13% building 1/14 entries 35600/35645 dependencies 560/11399 modules
<s> [webpack.Progress] 13% building 1/14 entries 36200/36272 dependencies 763/11587 modules
<s> [webpack.Progress] 17% building 2/14 entries 36908/36943 dependencies 1007/11805 modules
<s> [webpack.Progress] 21% building 3/14 entries 36908/36943 dependencies 1008/11805 modules
<s> [webpack.Progress] 25% building 4/14 entries 36908/36943 dependencies 1009/11805 modules
<s> [webpack.Progress] 29% building 5/14 entries 36908/36943 dependencies 1010/11805 modules
<s> [webpack.Progress] 33% building 6/14 entries 36908/36943 dependencies 1011/11805 modules
<s> [webpack.Progress] 37% building 7/14 entries 36908/36943 dependencies 1012/11805 modules
<s> [webpack.Progress] 41% building 8/14 entries 36908/36943 dependencies 1013/11805 modules
<s> [webpack.Progress] 45% building 9/14 entries 36908/36943 dependencies 1014/11805 modules
<s> [webpack.Progress] 49% building 10/14 entries 36908/36943 dependencies 1015/11805 modules
<s> [webpack.Progress] 53% building 11/14 entries 36922/36944 dependencies 1029/11808 modules
<s> [webpack.Progress] 53% building 11/14 entries 37547/37600 dependencies 1175/12013 modules
<s> [webpack.Progress] 57% building 12/14 entries 38139/38165 dependencies 1475/12134 modules
<s> [webpack.Progress] 61% building 13/14 entries 38142/38165 dependencies 1490/12134 modules
<s> [webpack.Progress] 65% building 14/14 entries 38198/38198 dependencies 12156/12156 modules
<s> [webpack.Progress] 65% building
<s> [webpack.Progress] 69% building finish
<s> [webpack.Progress] 69% building finish
<s> [webpack.Progress] 70% sealing finish module graph
<s> [webpack.Progress] 70% sealing finish module graph ResolverCachePlugin
<s> [webpack.Progress] 70% sealing finish module graph InferAsyncModulesPlugin
<s> [webpack.Progress] 70% sealing finish module graph FlagDependencyExportsPlugin
<s> [webpack.Progress] 70% sealing finish module graph InnerGraphPlugin
<s> [webpack.Progress] 70% sealing finish module graph WasmFinalizeExportsPlugin
<s> [webpack.Progress] 70% sealing finish module graph ESLintWebpackPlugin_1
<s> [webpack.Progress] 70% sealing finish module graph
<s> [webpack.Progress] 70% sealing plugins
<s> [webpack.Progress] 70% sealing plugins DocGenPlugin
DeprecationWarning: 'createIdentifier' has been deprecated since v4.0.0. Use the appropriate method on 'ts.factory' or the 'factory' supplied by your transformation context instead.
DeprecationWarning: '' has been deprecated since v4.0.0. Use the appropriate method on 'ts.factory' or the 'factory' supplied by your transformation context instead.
DeprecationWarning: 'createLiteral' has been deprecated since v4.0.0. Use `factory.createStringLiteral`, `factory.createStringLiteralFromNode`, `factory.createNumericLiteral`, `factory.createBigIntLiteral`, `factory.createTrue`, `factory.createFalse`, or the factory supplied by your transformation context instead.
DeprecationWarning: 'createBinaryExpression' has been deprecated since v4.0.0. Use the appropriate method on 'ts.factory' or the 'factory' supplied by your transformation context instead.
DeprecationWarning: 'createExpressionStatement' has been deprecated since v4.0.0. Use the appropriate method on 'ts.factory' or the 'factory' supplied by your transformation context instead.
DeprecationWarning: 'createPropertyAssignment' has been deprecated since v4.0.0. Use the appropriate method on 'ts.factory' or the 'factory' supplied by your transformation context instead.
DeprecationWarning: 'createNull' has been deprecated since v4.0.0. Use the appropriate method on 'ts.factory' or the 'factory' supplied by your transformation context instead.
DeprecationWarning: 'createFalse' has been deprecated since v4.0.0. Use the appropriate method on 'ts.factory' or the 'factory' supplied by your transformation context instead.
DeprecationWarning: 'createObjectLiteralExpression' has been deprecated since v4.0.0. Use the appropriate method on 'ts.factory' or the 'factory' supplied by your transformation context instead.
DeprecationWarning: 'createExpressionStatement' has been deprecated since v4.0.0. Use the appropriate method on 'ts.factory' or the 'factory' supplied by your transformation context instead.
DeprecationWarning: 'createTypeOfExpression' has been deprecated since v4.0.0. Use the appropriate method on 'ts.factory' or the 'factory' supplied by your transformation context instead.
DeprecationWarning: 'createElementAccessExpression' has been deprecated since v4.0.0. Use the appropriate method on 'ts.factory' or the 'factory' supplied by your transformation context instead.
DeprecationWarning: 'createIfStatement' has been deprecated since v4.0.0. Use the appropriate method on 'ts.factory' or the 'factory' supplied by your transformation context instead.
DeprecationWarning: 'createBlock' has been deprecated since v4.0.0. Use the appropriate method on 'ts.factory' or the 'factory' supplied by your transformation context instead.
DeprecationWarning: 'createVariableDeclaration' has been deprecated since v4.0.0. Use the appropriate method on 'ts.factory' or the 'factory' supplied by your transformation context instead.
DeprecationWarning: 'createCatchClause' has been deprecated since v4.0.0. Use the appropriate method on 'ts.factory' or the 'factory' supplied by your transformation context instead.
DeprecationWarning: 'createTryStatement' has been deprecated since v4.0.0. Use the appropriate method on 'ts.factory' or the 'factory' supplied by your transformation context instead.
DeprecationWarning: 'createArrayLiteralExpression' has been deprecated since v4.0.0. Use the appropriate method on 'ts.factory' or the 'factory' supplied by your transformation context instead.
DeprecationWarning: 'createTrue' has been deprecated since v4.0.0. Use the appropriate method on 'ts.factory' or the 'factory' supplied by your transformation context instead.
<s> [webpack.Progress] 70% sealing plugins WarnCaseSensitiveModulesPlugin
<s> [webpack.Progress] 70% sealing plugins
<s> [webpack.Progress] 71% sealing dependencies optimization
<s> [webpack.Progress] 71% sealing dependencies optimization SideEffectsFlagPlugin
<s> [webpack.Progress] 71% sealing dependencies optimization FlagDependencyUsagePlugin
<s> [webpack.Progress] 71% sealing dependencies optimization
<s> [webpack.Progress] 71% sealing after dependencies optimization
<s> [webpack.Progress] 71% sealing after dependencies optimization
<s> [webpack.Progress] 72% sealing chunk graph
<s> [webpack.Progress] 72% sealing chunk graph
<s> [webpack.Progress] 73% sealing after chunk graph
<s> [webpack.Progress] 73% sealing after chunk graph
<s> [webpack.Progress] 73% sealing optimizing
<s> [webpack.Progress] 73% sealing optimizing
<s> [webpack.Progress] 74% sealing module optimization
<s> [webpack.Progress] 74% sealing module optimization
<s> [webpack.Progress] 75% sealing after module optimization
<s> [webpack.Progress] 75% sealing after module optimization
<s> [webpack.Progress] 75% sealing chunk optimization
<s> [webpack.Progress] 75% sealing chunk optimization EnsureChunkConditionsPlugin
<s> [webpack.Progress] 75% sealing chunk optimization RemoveEmptyChunksPlugin
<s> [webpack.Progress] 75% sealing chunk optimization MergeDuplicateChunksPlugin
<s> [webpack.Progress] 75% sealing chunk optimization SplitChunksPlugin
<s> [webpack.Progress] 75% sealing chunk optimization RemoveEmptyChunksPlugin
<s> [webpack.Progress] 75% sealing chunk optimization
<s> [webpack.Progress] 76% sealing after chunk optimization
<s> [webpack.Progress] 76% sealing after chunk optimization
<s> [webpack.Progress] 77% sealing module and chunk tree optimization
<s> [webpack.Progress] 77% sealing module and chunk tree optimization PersistentChildCompilerSingletonPlugin
<s> [webpack.Progress] 77% sealing module and chunk tree optimization
<s> [webpack.Progress] 77% sealing after module and chunk tree optimization
<s> [webpack.Progress] 77% sealing after module and chunk tree optimization
<s> [webpack.Progress] 78% sealing chunk modules optimization
<s> [webpack.Progress] 78% sealing chunk modules optimization ModuleConcatenationPlugin
<s> [webpack.Progress] 78% sealing chunk modules optimization
<s> [webpack.Progress] 78% sealing after chunk modules optimization
<s> [webpack.Progress] 78% sealing after chunk modules optimization
<s> [webpack.Progress] 79% sealing module reviving
<s> [webpack.Progress] 79% sealing module reviving RecordIdsPlugin
<s> [webpack.Progress] 79% sealing module reviving
<s> [webpack.Progress] 80% sealing before module ids
<s> [webpack.Progress] 80% sealing before module ids
<s> [webpack.Progress] 80% sealing module ids
<s> [webpack.Progress] 80% sealing module ids NamedModuleIdsPlugin
<s> [webpack.Progress] 80% sealing module ids
<s> [webpack.Progress] 81% sealing module id optimization
<s> [webpack.Progress] 81% sealing module id optimization
<s> [webpack.Progress] 82% sealing module id optimization
<s> [webpack.Progress] 82% sealing module id optimization
<s> [webpack.Progress] 82% sealing chunk reviving
<s> [webpack.Progress] 82% sealing chunk reviving RecordIdsPlugin
<s> [webpack.Progress] 82% sealing chunk reviving
<s> [webpack.Progress] 83% sealing before chunk ids
<s> [webpack.Progress] 83% sealing before chunk ids
<s> [webpack.Progress] 84% sealing chunk ids
<s> [webpack.Progress] 84% sealing chunk ids DeterministicChunkIdsPlugin
<s> [webpack.Progress] 84% sealing chunk ids
<s> [webpack.Progress] 84% sealing chunk id optimization
<s> [webpack.Progress] 84% sealing chunk id optimization FlagIncludedChunksPlugin
<s> [webpack.Progress] 84% sealing chunk id optimization
<s> [webpack.Progress] 85% sealing after chunk id optimization
<s> [webpack.Progress] 85% sealing after chunk id optimization
<s> [webpack.Progress] 87% sealing module hashing
<s> [webpack.Progress] 87% sealing module hashing
<s> [webpack.Progress] 87% sealing code generation
<s> [webpack.Progress] 87% sealing code generation
<s> [webpack.Progress] 88% sealing runtime requirements
<s> [webpack.Progress] 88% sealing runtime requirements
<s> [webpack.Progress] 89% sealing hashing
<s> [webpack.Progress] 89% sealing hashing
<s> [webpack.Progress] 89% sealing after hashing
<s> [webpack.Progress] 89% sealing after hashing
<s> [webpack.Progress] 91% sealing module assets processing
<s> [webpack.Progress] 91% sealing module assets processing
<s> [webpack.Progress] 91% sealing chunk assets processing
<s> [webpack.Progress] 91% sealing chunk assets processing
<s> [webpack.Progress] 92% sealing asset processing
<s> [webpack.Progress] 92% sealing asset processing ESLintWebpackPlugin_1
<s> [webpack.Progress] 92% sealing asset processing PersistentChildCompilerSingletonPlugin
<s> [webpack.Progress] 92% sealing asset processing TerserPlugin
<s> [webpack.Progress] 92% sealing asset processing SourceMapDevToolPlugin
<s> [webpack.Progress] 92% sealing asset processing SourceMapDevToolPlugin
<s> [webpack.Progress] 92% sealing asset processing SourceMapDevToolPlugin main.bb514128.iframe.bundle.js generate SourceMap
<s> [webpack.Progress] 92% sealing asset processing SourceMapDevToolPlugin main.bb514128.iframe.bundle.js generated SourceMap
<s> [webpack.Progress] 92% sealing asset processing SourceMapDevToolPlugin runtime~main.d97a624a.iframe.bundle.js generate SourceMap
<s> [webpack.Progress] 92% sealing asset processing SourceMapDevToolPlugin runtime~main.d97a624a.iframe.bundle.js generated SourceMap
<s> [webpack.Progress] 92% sealing asset processing SourceMapDevToolPlugin 701.6502ffc1.iframe.bundle.js generate SourceMap
<s> [webpack.Progress] 92% sealing asset processing SourceMapDevToolPlugin 701.6502ffc1.iframe.bundle.js generated SourceMap
<s> [webpack.Progress] 92% sealing asset processing SourceMapDevToolPlugin 745.d56dd027.iframe.bundle.js generate SourceMap
<s> [webpack.Progress] 92% sealing asset processing SourceMapDevToolPlugin 745.d56dd027.iframe.bundle.js generated SourceMap
<s> [webpack.Progress] 92% sealing asset processing SourceMapDevToolPlugin 273.33d4a526.iframe.bundle.js generate SourceMap
<s> [webpack.Progress] 92% sealing asset processing SourceMapDevToolPlugin 273.33d4a526.iframe.bundle.js generated SourceMap
<s> [webpack.Progress] 92% sealing asset processing SourceMapDevToolPlugin 51.68ff3c7c.iframe.bundle.js generate SourceMap
<s> [webpack.Progress] 92% sealing asset processing SourceMapDevToolPlugin 51.68ff3c7c.iframe.bundle.js generated SourceMap
<s> [webpack.Progress] 92% sealing asset processing SourceMapDevToolPlugin 807.9753fe91.iframe.bundle.js generate SourceMap
<s> [webpack.Progress] 92% sealing asset processing SourceMapDevToolPlugin 807.9753fe91.iframe.bundle.js generated SourceMap
<s> [webpack.Progress] 92% sealing asset processing SourceMapDevToolPlugin 551.05f9dfba.iframe.bundle.js generate SourceMap
<s> [webpack.Progress] 92% sealing asset processing SourceMapDevToolPlugin 551.05f9dfba.iframe.bundle.js generated SourceMap
<s> [webpack.Progress] 92% sealing asset processing SourceMapDevToolPlugin 897.bea5b6bc.iframe.bundle.js generate SourceMap
<s> [webpack.Progress] 92% sealing asset processing SourceMapDevToolPlugin 897.bea5b6bc.iframe.bundle.js generated SourceMap
<s> [webpack.Progress] 92% sealing asset processing SourceMapDevToolPlugin 229.6ebdd0ea.iframe.bundle.js generate SourceMap
<s> [webpack.Progress] 92% sealing asset processing SourceMapDevToolPlugin 229.6ebdd0ea.iframe.bundle.js generated SourceMap
<s> [webpack.Progress] 92% sealing asset processing SourceMapDevToolPlugin 935.690d0b85.iframe.bundle.js generate SourceMap
<s> [webpack.Progress] 92% sealing asset processing SourceMapDevToolPlugin 935.690d0b85.iframe.bundle.js generated SourceMap
<s> [webpack.Progress] 92% sealing asset processing SourceMapDevToolPlugin static/css/321.0e0236fd.css generate SourceMap
<s> [webpack.Progress] 92% sealing asset processing SourceMapDevToolPlugin static/css/321.0e0236fd.css generated SourceMap
<s> [webpack.Progress] 92% sealing asset processing SourceMapDevToolPlugin 321.24ccac20.iframe.bundle.js generate SourceMap
<s> [webpack.Progress] 92% sealing asset processing SourceMapDevToolPlugin 321.24ccac20.iframe.bundle.js generated SourceMap
<s> [webpack.Progress] 92% sealing asset processing SourceMapDevToolPlugin resolve sources
<s> [webpack.Progress] 92% sealing asset processing SourceMapDevToolPlugin static/css/321.0e0236fd.css attach SourceMap
<s> [webpack.Progress] 92% sealing asset processing SourceMapDevToolPlugin static/css/321.0e0236fd.css attached SourceMap
<s> [webpack.Progress] 92% sealing asset processing SourceMapDevToolPlugin
<s> [webpack.Progress] 92% sealing asset processing SourceMapDevToolPlugin
<s> [webpack.Progress] 92% sealing asset processing SourceMapDevToolPlugin resolve sources
<s> [webpack.Progress] 92% sealing asset processing SourceMapDevToolPlugin
<s> [webpack.Progress] 92% sealing asset processing HtmlWebpackPlugin
<s> [webpack.Progress] 92% sealing asset processing HtmlWebpackPlugin
<s> [webpack.Progress] 92% sealing asset processing HtmlWebpackPlugin resolve sources
<s> [webpack.Progress] 92% sealing asset processing HtmlWebpackPlugin
<s> [webpack.Progress] 92% sealing asset processing RealContentHashPlugin
<s> [webpack.Progress] 92% sealing asset processing RealContentHashPlugin
<s> [webpack.Progress] 92% sealing asset processing RealContentHashPlugin main.daa539c0.iframe.bundle.js generate SourceMap
<s> [webpack.Progress] 92% sealing asset processing RealContentHashPlugin main.daa539c0.iframe.bundle.js generated SourceMap
<s> [webpack.Progress] 92% sealing asset processing RealContentHashPlugin runtime~main.7c443694.iframe.bundle.js generate SourceMap
<s> [webpack.Progress] 92% sealing asset processing RealContentHashPlugin runtime~main.7c443694.iframe.bundle.js generated SourceMap
<s> [webpack.Progress] 92% sealing asset processing RealContentHashPlugin 701.01024829.iframe.bundle.js generate SourceMap
<s> [webpack.Progress] 92% sealing asset processing RealContentHashPlugin 701.01024829.iframe.bundle.js generated SourceMap
<s> [webpack.Progress] 92% sealing asset processing RealContentHashPlugin 745.e629f772.iframe.bundle.js generate SourceMap
<s> [webpack.Progress] 92% sealing asset processing RealContentHashPlugin 745.e629f772.iframe.bundle.js generated SourceMap
<s> [webpack.Progress] 92% sealing asset processing RealContentHashPlugin 551.a42153af.iframe.bundle.js generate SourceMap
<s> [webpack.Progress] 92% sealing asset processing RealContentHashPlugin 551.a42153af.iframe.bundle.js generated SourceMap
<s> [webpack.Progress] 92% sealing asset processing RealContentHashPlugin 229.dcab2feb.iframe.bundle.js generate SourceMap
<s> [webpack.Progress] 92% sealing asset processing RealContentHashPlugin 229.dcab2feb.iframe.bundle.js generated SourceMap
<s> [webpack.Progress] 92% sealing asset processing RealContentHashPlugin 935.409061f2.iframe.bundle.js generate SourceMap
<s> [webpack.Progress] 92% sealing asset processing RealContentHashPlugin 935.409061f2.iframe.bundle.js generated SourceMap
<s> [webpack.Progress] 92% sealing asset processing RealContentHashPlugin 273.9fc6d7ea.iframe.bundle.js generate SourceMap
<s> [webpack.Progress] 92% sealing asset processing RealContentHashPlugin 273.9fc6d7ea.iframe.bundle.js generated SourceMap
<s> [webpack.Progress] 92% sealing asset processing RealContentHashPlugin 51.87f5e073.iframe.bundle.js generate SourceMap
<s> [webpack.Progress] 92% sealing asset processing RealContentHashPlugin 51.87f5e073.iframe.bundle.js generated SourceMap
<s> [webpack.Progress] 92% sealing asset processing RealContentHashPlugin 807.7cc73708.iframe.bundle.js generate SourceMap
<s> [webpack.Progress] 92% sealing asset processing RealContentHashPlugin 807.7cc73708.iframe.bundle.js generated SourceMap
<s> [webpack.Progress] 92% sealing asset processing RealContentHashPlugin 897.45f8cf24.iframe.bundle.js generate SourceMap
<s> [webpack.Progress] 92% sealing asset processing RealContentHashPlugin 897.45f8cf24.iframe.bundle.js generated SourceMap
<s> [webpack.Progress] 92% sealing asset processing RealContentHashPlugin 321.8ec95f96.iframe.bundle.js generate SourceMap
<s> [webpack.Progress] 92% sealing asset processing RealContentHashPlugin 321.8ec95f96.iframe.bundle.js generated SourceMap
<s> [webpack.Progress] 92% sealing asset processing RealContentHashPlugin resolve sources
<s> [webpack.Progress] 92% sealing asset processing RealContentHashPlugin
<s> [webpack.Progress] 92% sealing asset processing
<s> [webpack.Progress] 93% sealing after asset optimization
<s> [webpack.Progress] 93% sealing after asset optimization
<s> [webpack.Progress] 94% sealing after seal
<s> [webpack.Progress] 94% sealing after seal
<s> [webpack.Progress] 99% done plugins
<s> [webpack.Progress] 99% done plugins CaseSensitivePathsPlugin
<s> [webpack.Progress] 99% done plugins ForkTsCheckerWebpackPlugin
<s> [webpack.Progress] 99% done plugins
<s> [webpack.Progress] 99% 

<s> [webpack.Progress] 99% cache begin idle
<s> [webpack.Progress] 99% cache begin idle
<s> [webpack.Progress] 100% 

ERR! => Failed to build the preview
ERR! Module build failed (from ./node_modules/mini-css-extract-plugin/dist/loader.js):
ERR! HookWebpackError: Module build failed (from ./node_modules/resolve-url-loader/index.js):
ERR! Error: resolve-url-loader: error processing CSS
ERR!   PostCSS received undefined instead of CSS string
ERR!   at new Input (/home/soanitech/Manil-component/node_modules/resolve-url-loader/node_modules/postcss/lib/input.js:38:13)
ERR!     at encodeError (/home/soanitech/Manil-component/node_modules/resolve-url-loader/index.js:287:12)
ERR!     at onFailure (/home/soanitech/Manil-component/node_modules/resolve-url-loader/index.js:228:14)
ERR!     at tryRunOrWebpackError (/home/soanitech/Manil-component/node_modules/webpack/lib/HookWebpackError.js:88:9)
ERR!     at __webpack_require_module__ (/home/soanitech/Manil-component/node_modules/webpack/lib/Compilation.js:5058:12)
ERR!     at __webpack_require__ (/home/soanitech/Manil-component/node_modules/webpack/lib/Compilation.js:5015:18)
ERR!     at /home/soanitech/Manil-component/node_modules/webpack/lib/Compilation.js:5086:20
ERR!     at symbolIterator (/home/soanitech/Manil-component/node_modules/neo-async/async.js:3485:9)
ERR!     at done (/home/soanitech/Manil-component/node_modules/neo-async/async.js:3527:9)
ERR!     at Hook.eval [as callAsync] (eval at create (/home/soanitech/Manil-component/node_modules/webpack/node_modules/tapable/lib/HookCodeFactory.js:33:10), <anonymous>:15:1)
ERR!     at Hook.CALL_ASYNC_DELEGATE [as _callAsync] (/home/soanitech/Manil-component/node_modules/webpack/node_modules/tapable/lib/Hook.js:18:14)
ERR!     at /home/soanitech/Manil-component/node_modules/webpack/lib/Compilation.js:4993:43
ERR!     at symbolIterator (/home/soanitech/Manil-component/node_modules/neo-async/async.js:3482:9)
ERR!     at timesSync (/home/soanitech/Manil-component/node_modules/neo-async/async.js:2297:7)
ERR!     at Object.eachLimit (/home/soanitech/Manil-component/node_modules/neo-async/async.js:3463:5)
ERR!     at /home/soanitech/Manil-component/node_modules/webpack/lib/Compilation.js:4958:16
ERR!     at symbolIterator (/home/soanitech/Manil-component/node_modules/neo-async/async.js:3485:9)
ERR!     at timesSync (/home/soanitech/Manil-component/node_modules/neo-async/async.js:2297:7)
ERR!     at Object.eachLimit (/home/soanitech/Manil-component/node_modules/neo-async/async.js:3463:5)
ERR!     at /home/soanitech/Manil-component/node_modules/webpack/lib/Compilation.js:4926:15
ERR!     at symbolIterator (/home/soanitech/Manil-component/node_modules/neo-async/async.js:3485:9)
ERR!     at done (/home/soanitech/Manil-component/node_modules/neo-async/async.js:3527:9)
ERR!     at /home/soanitech/Manil-component/node_modules/webpack/lib/Compilation.js:4873:8
ERR!     at /home/soanitech/Manil-component/node_modules/webpack/lib/Compilation.js:3352:32
ERR!     at /home/soanitech/Manil-component/node_modules/webpack/lib/HookWebpackError.js:68:3
ERR!     at Hook.eval [as callAsync] (eval at create (/home/soanitech/Manil-component/node_modules/webpack/node_modules/tapable/lib/HookCodeFactory.js:33:10), <anonymous>:6:1)
ERR!     at Cache.store (/home/soanitech/Manil-component/node_modules/webpack/lib/Cache.js:107:20)
ERR!     at ItemCacheFacade.store (/home/soanitech/Manil-component/node_modules/webpack/lib/CacheFacade.js:137:15)
ERR!     at /home/soanitech/Manil-component/node_modules/webpack/lib/Compilation.js:3352:11
ERR!     at /home/soanitech/Manil-component/node_modules/webpack/lib/Cache.js:93:5
ERR!     at Hook.eval [as callAsync] (eval at create (/home/soanitech/Manil-component/node_modules/webpack/node_modules/tapable/lib/HookCodeFactory.js:33:10), <anonymous>:6:1)
ERR!     at Cache.get (/home/soanitech/Manil-component/node_modules/webpack/lib/Cache.js:75:18)
ERR!     at ItemCacheFacade.get (/home/soanitech/Manil-component/node_modules/webpack/lib/CacheFacade.js:111:15)
ERR!     at Compilation._codeGenerationModule (/home/soanitech/Manil-component/node_modules/webpack/lib/Compilation.js:3322:9)
ERR!     at codeGen (/home/soanitech/Manil-component/node_modules/webpack/lib/Compilation.js:4861:11)
ERR!     at symbolIterator (/home/soanitech/Manil-component/node_modules/neo-async/async.js:3482:9)
ERR!     at timesSync (/home/soanitech/Manil-component/node_modules/neo-async/async.js:2297:7)
ERR!     at Object.eachLimit (/home/soanitech/Manil-component/node_modules/neo-async/async.js:3463:5)
ERR!     at /home/soanitech/Manil-component/node_modules/webpack/lib/Compilation.js:4891:14
ERR!     at processQueue (/home/soanitech/Manil-component/node_modules/webpack/lib/util/processAsyncTree.js:55:4)
ERR!     at processTicksAndRejections (node:internal/process/task_queues:78:11)
ERR!     at runNextTicks (node:internal/process/task_queues:65:3)
ERR!     at processImmediate (node:internal/timers:437:9)
ERR! -- inner error --
ERR! Error: Module build failed (from ./node_modules/resolve-url-loader/index.js):
ERR! Error: resolve-url-loader: error processing CSS
ERR!   PostCSS received undefined instead of CSS string
ERR!   at new Input (/home/soanitech/Manil-component/node_modules/resolve-url-loader/node_modules/postcss/lib/input.js:38:13)
ERR!     at encodeError (/home/soanitech/Manil-component/node_modules/resolve-url-loader/index.js:287:12)
ERR!     at onFailure (/home/soanitech/Manil-component/node_modules/resolve-url-loader/index.js:228:14)
ERR!     at Object.<anonymous> (/home/soanitech/Manil-component/node_modules/react-scripts/node_modules/css-loader/dist/cjs.js??ruleSet[1].rules[5].oneOf[7].use[1]!/home/soanitech/Manil-component/node_modules/postcss-loader/dist/cjs.js??ruleSet[1].rules[5].oneOf[7].use[2]!/home/soanitech/Manil-component/node_modules/resolve-url-loader/index.js??ruleSet[1].rules[5].oneOf[7].use[3]!/home/soanitech/Manil-component/node_modules/sass-loader/dist/cjs.js??ruleSet[1].rules[5].oneOf[7].use[4]!/home/soanitech/Manil-component/src/assets/styles/components/index.scss:1:7)
ERR!     at /home/soanitech/Manil-component/node_modules/webpack/lib/javascript/JavascriptModulesPlugin.js:441:11
ERR!     at Hook.eval [as call] (eval at create (/home/soanitech/Manil-component/node_modules/webpack/node_modules/tapable/lib/HookCodeFactory.js:19:10), <anonymous>:7:1)
ERR!     at Hook.CALL_DELEGATE [as _call] (/home/soanitech/Manil-component/node_modules/webpack/node_modules/tapable/lib/Hook.js:14:14)
ERR!     at /home/soanitech/Manil-component/node_modules/webpack/lib/Compilation.js:5060:39
ERR!     at tryRunOrWebpackError (/home/soanitech/Manil-component/node_modules/webpack/lib/HookWebpackError.js:83:7)
ERR!     at __webpack_require_module__ (/home/soanitech/Manil-component/node_modules/webpack/lib/Compilation.js:5058:12)
ERR!     at __webpack_require__ (/home/soanitech/Manil-component/node_modules/webpack/lib/Compilation.js:5015:18)
ERR!     at /home/soanitech/Manil-component/node_modules/webpack/lib/Compilation.js:5086:20
ERR!     at symbolIterator (/home/soanitech/Manil-component/node_modules/neo-async/async.js:3485:9)
ERR!     at done (/home/soanitech/Manil-component/node_modules/neo-async/async.js:3527:9)
ERR!     at Hook.eval [as callAsync] (eval at create (/home/soanitech/Manil-component/node_modules/webpack/node_modules/tapable/lib/HookCodeFactory.js:33:10), <anonymous>:15:1)
ERR!     at Hook.CALL_ASYNC_DELEGATE [as _callAsync] (/home/soanitech/Manil-component/node_modules/webpack/node_modules/tapable/lib/Hook.js:18:14)
ERR!     at /home/soanitech/Manil-component/node_modules/webpack/lib/Compilation.js:4993:43
ERR!     at symbolIterator (/home/soanitech/Manil-component/node_modules/neo-async/async.js:3482:9)
ERR!     at timesSync (/home/soanitech/Manil-component/node_modules/neo-async/async.js:2297:7)
ERR!     at Object.eachLimit (/home/soanitech/Manil-component/node_modules/neo-async/async.js:3463:5)
ERR!     at /home/soanitech/Manil-component/node_modules/webpack/lib/Compilation.js:4958:16
ERR!     at symbolIterator (/home/soanitech/Manil-component/node_modules/neo-async/async.js:3485:9)
ERR!     at timesSync (/home/soanitech/Manil-component/node_modules/neo-async/async.js:2297:7)
ERR!     at Object.eachLimit (/home/soanitech/Manil-component/node_modules/neo-async/async.js:3463:5)
ERR!     at /home/soanitech/Manil-component/node_modules/webpack/lib/Compilation.js:4926:15
ERR!     at symbolIterator (/home/soanitech/Manil-component/node_modules/neo-async/async.js:3485:9)
ERR!     at done (/home/soanitech/Manil-component/node_modules/neo-async/async.js:3527:9)
ERR!     at /home/soanitech/Manil-component/node_modules/webpack/lib/Compilation.js:4873:8
ERR!     at /home/soanitech/Manil-component/node_modules/webpack/lib/Compilation.js:3352:32
ERR!     at /home/soanitech/Manil-component/node_modules/webpack/lib/HookWebpackError.js:68:3
ERR!     at Hook.eval [as callAsync] (eval at create (/home/soanitech/Manil-component/node_modules/webpack/node_modules/tapable/lib/HookCodeFactory.js:33:10), <anonymous>:6:1)
ERR!     at Cache.store (/home/soanitech/Manil-component/node_modules/webpack/lib/Cache.js:107:20)
ERR!     at ItemCacheFacade.store (/home/soanitech/Manil-component/node_modules/webpack/lib/CacheFacade.js:137:15)
ERR!     at /home/soanitech/Manil-component/node_modules/webpack/lib/Compilation.js:3352:11
ERR!     at /home/soanitech/Manil-component/node_modules/webpack/lib/Cache.js:93:5
ERR!     at Hook.eval [as callAsync] (eval at create (/home/soanitech/Manil-component/node_modules/webpack/node_modules/tapable/lib/HookCodeFactory.js:33:10), <anonymous>:6:1)
ERR!     at Cache.get (/home/soanitech/Manil-component/node_modules/webpack/lib/Cache.js:75:18)
ERR!     at ItemCacheFacade.get (/home/soanitech/Manil-component/node_modules/webpack/lib/CacheFacade.js:111:15)
ERR!     at Compilation._codeGenerationModule (/home/soanitech/Manil-component/node_modules/webpack/lib/Compilation.js:3322:9)
ERR!     at codeGen (/home/soanitech/Manil-component/node_modules/webpack/lib/Compilation.js:4861:11)
ERR!     at symbolIterator (/home/soanitech/Manil-component/node_modules/neo-async/async.js:3482:9)
ERR!     at timesSync (/home/soanitech/Manil-component/node_modules/neo-async/async.js:2297:7)
ERR!     at Object.eachLimit (/home/soanitech/Manil-component/node_modules/neo-async/async.js:3463:5)
ERR!     at /home/soanitech/Manil-component/node_modules/webpack/lib/Compilation.js:4891:14
ERR!     at processQueue (/home/soanitech/Manil-component/node_modules/webpack/lib/util/processAsyncTree.js:55:4)
ERR!     at processTicksAndRejections (node:internal/process/task_queues:78:11)
ERR!     at runNextTicks (node:internal/process/task_queues:65:3)
ERR!     at processImmediate (node:internal/timers:437:9)
ERR! 
ERR! Generated code for /home/soanitech/Manil-component/node_modules/react-scripts/node_modules/css-loader/dist/cjs.js??ruleSet[1].rules[5].oneOf[7].use[1]!/home/soanitech/Manil-component/node_modules/postcss-loader/dist/cjs.js??ruleSet[1].rules[5].oneOf[7].use[2]!/home/soanitech/Manil-component/node_modules/resolve-url-loader/index.js??ruleSet[1].rules[5].oneOf[7].use[3]!/home/soanitech/Manil-component/node_modules/sass-loader/dist/cjs.js??ruleSet[1].rules[5].oneOf[7].use[4]!/home/soanitech/Manil-component/src/assets/styles/components/index.scss
ERR! 1 | throw new Error("Module build failed (from ./node_modules/resolve-url-loader/index.js):\nError: resolve-url-loader: error processing CSS\n  PostCSS received undefined instead of CSS string\n  at new Input (/home/soanitech/Manil-component/node_modules/resolve-url-loader/node_modules/postcss/lib/input.js:38:13)\n    at encodeError (/home/soanitech/Manil-component/node_modules/resolve-url-loader/index.js:287:12)\n    at onFailure (/home/soanitech/Manil-component/node_modules/resolve-url-loader/index.js:228:14)");
ERR! Module Error (from ./node_modules/sass-loader/dist/cjs.js):
ERR! Missing binding /home/soanitech/Manil-component/node_modules/node-sass/vendor/linux-x64-93/binding.node
ERR! Node Sass could not find a binding for your current environment: Linux 64-bit with Node.js 16.x
ERR! 
ERR! Found bindings for the following environments:
ERR!   - OS X 64-bit with Node.js 18.x
ERR!   - OS X 64-bit with Node.js 19.x
ERR!   - OS X 64-bit with Node.js 16.x
ERR!   - Linux 64-bit with Unsupported runtime (115)
ERR! 
ERR! This usually happens because your environment has changed since running `npm install`.
ERR! Run `npm rebuild node-sass` to download the binding for your current environment.
ERR! Module build failed (from ./node_modules/resolve-url-loader/index.js):
ERR! Error: resolve-url-loader: error processing CSS
ERR!   PostCSS received undefined instead of CSS string
ERR!   at new Input (/home/soanitech/Manil-component/node_modules/resolve-url-loader/node_modules/postcss/lib/input.js:38:13)
ERR!     at encodeError (/home/soanitech/Manil-component/node_modules/resolve-url-loader/index.js:287:12)
ERR!     at onFailure (/home/soanitech/Manil-component/node_modules/resolve-url-loader/index.js:228:14)
ERR! Module Warning (from ./node_modules/resolve-url-loader/index.js):
ERR! resolve-url-loader: webpack misconfiguration
ERR!   webpack or the upstream loader did not supply a source-map
ERR! [eslint] 
ERR! src/components/__mock/InputValues.ts
ERR!   Line 1:8:  'flatpickr' is defined but never used       @typescript-eslint/no-unused-vars
ERR!   Line 4:5:  'value' is assigned a value but never used  @typescript-eslint/no-unused-vars
ERR! 
ERR! src/components/__mock/SelectValues.ts
ERR!   Line 3:10:  'PlaceholderInput' is defined but never used  @typescript-eslint/no-unused-vars
ERR! 
ERR! src/components/accordion/accordionItem/AccordionItem.tsx
ERR!   Line 37:23:  img elements must have an alt prop, either with meaningful text, or an empty string for decorative images  jsx-a11y/alt-text
ERR!   Line 37:42:  img elements must have an alt prop, either with meaningful text, or an empty string for decorative images  jsx-a11y/alt-text
ERR! 
ERR! src/components/breadcrumbs/Breadcrumbs.stories.tsx
ERR!   Line 4:35:  'Pages' is defined but never used  @typescript-eslint/no-unused-vars
ERR! 
ERR! src/components/breadcrumbs/Breadcrumbs.tsx
ERR!   Line 1:17:   'FC' is defined but never used                 @typescript-eslint/no-unused-vars
ERR!   Line 1:21:   'PropsWithChildren' is defined but never used  @typescript-eslint/no-unused-vars
ERR!   Line 16:36:  Expected '!==' and instead saw '!='            eqeqeq
ERR! 
ERR! src/components/button/Button.tsx
ERR!   Line 48:5:  The element button has an implicit role of button. Defining this explicitly is redundant and should be avoided  jsx-a11y/no-redundant-roles
ERR! 
ERR! src/components/input/Input.tsx
ERR!   Line 62:13:  Expected '===' and instead saw '=='  eqeqeq
ERR!   Line 73:13:  Expected '===' and instead saw '=='  eqeqeq
ERR! 
ERR! src/components/radiogroup/RadioGroup.stories.tsx
ERR!   Line 18:10:  'select' is assigned a value but never used  @typescript-eslint/no-unused-vars
ERR!   Line 38:10:  'select' is assigned a value but never used  @typescript-eslint/no-unused-vars
ERR! 
ERR! src/components/radiogroup/RadioGroup.tsx
ERR!   Line 1:17:  'useState' is defined but never used  @typescript-eslint/no-unused-vars
ERR!   Line 3:8:   'Radio' is defined but never used     @typescript-eslint/no-unused-vars
ERR! 
ERR! src/components/radiogroup/radio/Radio.tsx
ERR!   Line 1:17:  'useState' is defined but never used  @typescript-eslint/no-unused-vars
ERR! 
ERR! src/components/select/Select.stories.tsx
ERR!   Line 1:10:  'SelectProps' is defined but never used  @typescript-eslint/no-unused-vars
ERR! 
ERR! src/components/select/Select.tsx
ERR!   Line 5:3:    'Ref' is defined but never used                                                                            @typescript-eslint/no-unused-vars
ERR!   Line 75:6:   React Hook useEffect has a missing dependency: 'option'. Either include it or remove the dependency array  react-hooks/exhaustive-deps
ERR!   Line 85:39:  Expected '===' and instead saw '=='                                                                        eqeqeq
ERR! 
ERR! src/components/table/Table.tsx
ERR!   Line 15:9:  'data' is assigned a value but never used  @typescript-eslint/no-unused-vars
ERR! 
ERR! src/components/tooltip/Tooltip.tsx
ERR!   Line 22:39:  'right' is assigned a value but never used  @typescript-eslint/no-unused-vars
ERR! 
ERR! 
<s> [webpack.Progress] 99% cache shutdown
<s> [webpack.Progress] 99% cache shutdown
<s> [webpack.Progress] 100% 

ERR! Error: => Webpack failed, learn more with --debug-webpack
ERR!     at /home/soanitech/Manil-component/node_modules/@storybook/builder-webpack5/dist/cjs/index.js:234:62
ERR!     at /home/soanitech/Manil-component/node_modules/webpack/lib/HookWebpackError.js:68:3
ERR!     at Hook.eval [as callAsync] (eval at create (/home/soanitech/Manil-component/node_modules/webpack/node_modules/tapable/lib/HookCodeFactory.js:33:10), <anonymous>:11:1)
ERR!     at Hook.CALL_ASYNC_DELEGATE [as _callAsync] (/home/soanitech/Manil-component/node_modules/webpack/node_modules/tapable/lib/Hook.js:18:14)
ERR!     at Cache.shutdown (/home/soanitech/Manil-component/node_modules/webpack/lib/Cache.js:150:23)
ERR!     at /home/soanitech/Manil-component/node_modules/webpack/lib/Compiler.js:1225:15
ERR!     at Hook.eval [as callAsync] (eval at create (/home/soanitech/Manil-component/node_modules/webpack/node_modules/tapable/lib/HookCodeFactory.js:33:10), <anonymous>:6:1)
ERR!     at Hook.CALL_ASYNC_DELEGATE [as _callAsync] (/home/soanitech/Manil-component/node_modules/webpack/node_modules/tapable/lib/Hook.js:18:14)
ERR!     at Compiler.close (/home/soanitech/Manil-component/node_modules/webpack/lib/Compiler.js:1218:23)
ERR!     at /home/soanitech/Manil-component/node_modules/@storybook/builder-webpack5/dist/cjs/index.js:233:20
ERR!     at finalCallback (/home/soanitech/Manil-component/node_modules/webpack/lib/Compiler.js:441:32)
ERR!     at /home/soanitech/Manil-component/node_modules/webpack/lib/Compiler.js:458:13
ERR!     at Hook.eval [as callAsync] (eval at create (/home/soanitech/Manil-component/node_modules/webpack/node_modules/tapable/lib/HookCodeFactory.js:33:10), <anonymous>:35:1)
ERR!     at Hook.CALL_ASYNC_DELEGATE [as _callAsync] (/home/soanitech/Manil-component/node_modules/webpack/node_modules/tapable/lib/Hook.js:18:14)
ERR!     at onCompiled (/home/soanitech/Manil-component/node_modules/webpack/lib/Compiler.js:456:21)
ERR!     at /home/soanitech/Manil-component/node_modules/webpack/lib/Compiler.js:1196:17
ERR!     at eval (eval at create (/home/soanitech/Manil-component/node_modules/webpack/node_modules/tapable/lib/HookCodeFactory.js:33:10), <anonymous>:14:1)
ERR!     at runMicrotasks (<anonymous>)
ERR!     at processTicksAndRejections (node:internal/process/task_queues:96:5)
ERR!  Error: => Webpack failed, learn more with --debug-webpack
ERR!     at /home/soanitech/Manil-component/node_modules/@storybook/builder-webpack5/dist/cjs/index.js:234:62
ERR!     at /home/soanitech/Manil-component/node_modules/webpack/lib/HookWebpackError.js:68:3
ERR!     at Hook.eval [as callAsync] (eval at create (/home/soanitech/Manil-component/node_modules/webpack/node_modules/tapable/lib/HookCodeFactory.js:33:10), <anonymous>:11:1)
ERR!     at Hook.CALL_ASYNC_DELEGATE [as _callAsync] (/home/soanitech/Manil-component/node_modules/webpack/node_modules/tapable/lib/Hook.js:18:14)
ERR!     at Cache.shutdown (/home/soanitech/Manil-component/node_modules/webpack/lib/Cache.js:150:23)
ERR!     at /home/soanitech/Manil-component/node_modules/webpack/lib/Compiler.js:1225:15
ERR!     at Hook.eval [as callAsync] (eval at create (/home/soanitech/Manil-component/node_modules/webpack/node_modules/tapable/lib/HookCodeFactory.js:33:10), <anonymous>:6:1)
ERR!     at Hook.CALL_ASYNC_DELEGATE [as _callAsync] (/home/soanitech/Manil-component/node_modules/webpack/node_modules/tapable/lib/Hook.js:18:14)
ERR!     at Compiler.close (/home/soanitech/Manil-component/node_modules/webpack/lib/Compiler.js:1218:23)
ERR!     at /home/soanitech/Manil-component/node_modules/@storybook/builder-webpack5/dist/cjs/index.js:233:20
ERR!     at finalCallback (/home/soanitech/Manil-component/node_modules/webpack/lib/Compiler.js:441:32)
ERR!     at /home/soanitech/Manil-component/node_modules/webpack/lib/Compiler.js:458:13
ERR!     at Hook.eval [as callAsync] (eval at create (/home/soanitech/Manil-component/node_modules/webpack/node_modules/tapable/lib/HookCodeFactory.js:33:10), <anonymous>:35:1)
ERR!     at Hook.CALL_ASYNC_DELEGATE [as _callAsync] (/home/soanitech/Manil-component/node_modules/webpack/node_modules/tapable/lib/Hook.js:18:14)
ERR!     at onCompiled (/home/soanitech/Manil-component/node_modules/webpack/lib/Compiler.js:456:21)
ERR!     at /home/soanitech/Manil-component/node_modules/webpack/lib/Compiler.js:1196:17
ERR!     at eval (eval at create (/home/soanitech/Manil-component/node_modules/webpack/node_modules/tapable/lib/HookCodeFactory.js:33:10), <anonymous>:14:1)
ERR!     at runMicrotasks (<anonymous>)
ERR!     at processTicksAndRejections (node:internal/process/task_queues:96:5)
info => Loading presets
error Command failed with exit code 1.
info Visit https://yarnpkg.com/en/docs/cli/run for documentation about this command.
